<?xml version="1.0" encoding="UTF-8"?>
<robot generator="Robot 6.1.1 (Python 3.11.5 on win32)" generated="20231113 20:02:09.874" rpa="false" schemaversion="4">
<suite id="s1" name="Front Office" source="D:\development\robot-scripts\frontoffice\tests\Front_Office.robot">
<test id="s1-t1" name="Should be able to access &quot;Team&quot; page" line="12">
<kw name="Begin Web Test" library="CommonWeb" type="SETUP">
<kw name="Open Browser" library="SeleniumLibrary">
<arg>remote_url=${BROWSER_STACK}</arg>
<doc>Opens a new browser instance to the optional ``url``.</doc>
<msg timestamp="20231113 20:02:10.267" level="INFO">Opening browser 'firefox' to base url 'None' through remote server at 'https://sohamkulkarni_w1FS8z:35ySjy5byZF88iiVNm8y@hub-cloud.browserstack.com/wd/hub'.</msg>
<status status="PASS" starttime="20231113 20:02:10.267" endtime="20231113 20:02:19.886"/>
</kw>
<status status="PASS" starttime="20231113 20:02:10.267" endtime="20231113 20:02:19.886"/>
</kw>
<kw name="Go to Landing Page" library="FrontOfficeApp">
<kw name="Navigate To" library="Landing">
<kw name="Go To" library="SeleniumLibrary">
<arg>${URL}</arg>
<doc>Navigates the current browser window to the provided ``url``.</doc>
<msg timestamp="20231113 20:02:19.886" level="INFO">Opening url 'https://automationplayground.com/front-office'</msg>
<status status="PASS" starttime="20231113 20:02:19.886" endtime="20231113 20:02:20.725"/>
</kw>
<status status="PASS" starttime="20231113 20:02:19.886" endtime="20231113 20:02:20.725"/>
</kw>
<kw name="Verify Page Loaded" library="Landing">
<kw name="Wait Until Page Contains Element" library="SeleniumLibrary">
<arg>${LANDING_NAVIGATION_ELEMENT}</arg>
<doc>Waits until the element ``locator`` appears on the current page.</doc>
<status status="PASS" starttime="20231113 20:02:20.725" endtime="20231113 20:02:20.824"/>
</kw>
<status status="PASS" starttime="20231113 20:02:20.725" endtime="20231113 20:02:20.824"/>
</kw>
<status status="PASS" starttime="20231113 20:02:19.886" endtime="20231113 20:02:20.824"/>
</kw>
<kw name="Go to &quot;Team&quot; Page" library="FrontOfficeApp">
<kw name="Select &quot;Team&quot; Page" library="TopNav">
<kw name="Click Link" library="SeleniumLibrary">
<arg>${TEAM_PAGE_LINK}</arg>
<doc>Clicks a link identified by ``locator``.</doc>
<msg timestamp="20231113 20:02:20.832" level="INFO">Clicking link 'xpath=//*[@id="bs-example-navbar-collapse-1"]/ul/li[5]/a'.</msg>
<status status="PASS" starttime="20231113 20:02:20.832" endtime="20231113 20:02:21.438"/>
</kw>
<status status="PASS" starttime="20231113 20:02:20.832" endtime="20231113 20:02:21.438"/>
</kw>
<kw name="Verify Page Loaded" library="Team">
<kw name="Wait Until Page Contains Element" library="SeleniumLibrary">
<arg>${TEAM_HEADER_LABEL}</arg>
<doc>Waits until the element ``locator`` appears on the current page.</doc>
<status status="PASS" starttime="20231113 20:02:21.438" endtime="20231113 20:02:21.638"/>
</kw>
<status status="PASS" starttime="20231113 20:02:21.438" endtime="20231113 20:02:21.638"/>
</kw>
<status status="PASS" starttime="20231113 20:02:20.824" endtime="20231113 20:02:21.646"/>
</kw>
<kw name="End Web Test" library="CommonWeb" type="TEARDOWN">
<kw name="Close All Browsers" library="SeleniumLibrary">
<doc>Closes all open browsers and resets the browser cache.</doc>
<status status="PASS" starttime="20231113 20:02:21.646" endtime="20231113 20:02:23.440"/>
</kw>
<status status="PASS" starttime="20231113 20:02:21.646" endtime="20231113 20:02:23.440"/>
</kw>
<doc>This is test 1</doc>
<tag>test1</tag>
<status status="PASS" starttime="20231113 20:02:10.267" endtime="20231113 20:02:23.440"/>
</test>
<test id="s1-t2" name="&quot;Team&quot; page should match requirements" line="18">
<kw name="Begin Web Test" library="CommonWeb" type="SETUP">
<kw name="Open Browser" library="SeleniumLibrary">
<arg>remote_url=${BROWSER_STACK}</arg>
<doc>Opens a new browser instance to the optional ``url``.</doc>
<msg timestamp="20231113 20:02:23.448" level="INFO">Opening browser 'firefox' to base url 'None' through remote server at 'https://sohamkulkarni_w1FS8z:35ySjy5byZF88iiVNm8y@hub-cloud.browserstack.com/wd/hub'.</msg>
<status status="PASS" starttime="20231113 20:02:23.448" endtime="20231113 20:02:33.624"/>
</kw>
<status status="PASS" starttime="20231113 20:02:23.448" endtime="20231113 20:02:33.624"/>
</kw>
<kw name="Go to Landing Page" library="FrontOfficeApp">
<kw name="Navigate To" library="Landing">
<kw name="Go To" library="SeleniumLibrary">
<arg>${URL}</arg>
<doc>Navigates the current browser window to the provided ``url``.</doc>
<msg timestamp="20231113 20:02:33.624" level="INFO">Opening url 'https://automationplayground.com/front-office'</msg>
<status status="PASS" starttime="20231113 20:02:33.624" endtime="20231113 20:02:34.343"/>
</kw>
<status status="PASS" starttime="20231113 20:02:33.624" endtime="20231113 20:02:34.343"/>
</kw>
<kw name="Verify Page Loaded" library="Landing">
<kw name="Wait Until Page Contains Element" library="SeleniumLibrary">
<arg>${LANDING_NAVIGATION_ELEMENT}</arg>
<doc>Waits until the element ``locator`` appears on the current page.</doc>
<status status="PASS" starttime="20231113 20:02:34.343" endtime="20231113 20:02:34.644"/>
</kw>
<status status="PASS" starttime="20231113 20:02:34.343" endtime="20231113 20:02:34.644"/>
</kw>
<status status="PASS" starttime="20231113 20:02:33.624" endtime="20231113 20:02:34.644"/>
</kw>
<kw name="Go to &quot;Team&quot; Page" library="FrontOfficeApp">
<kw name="Select &quot;Team&quot; Page" library="TopNav">
<kw name="Click Link" library="SeleniumLibrary">
<arg>${TEAM_PAGE_LINK}</arg>
<doc>Clicks a link identified by ``locator``.</doc>
<msg timestamp="20231113 20:02:34.653" level="INFO">Clicking link 'xpath=//*[@id="bs-example-navbar-collapse-1"]/ul/li[5]/a'.</msg>
<status status="PASS" starttime="20231113 20:02:34.652" endtime="20231113 20:02:35.471"/>
</kw>
<status status="PASS" starttime="20231113 20:02:34.644" endtime="20231113 20:02:35.471"/>
</kw>
<kw name="Verify Page Loaded" library="Team">
<kw name="Wait Until Page Contains Element" library="SeleniumLibrary">
<arg>${TEAM_HEADER_LABEL}</arg>
<doc>Waits until the element ``locator`` appears on the current page.</doc>
<status status="PASS" starttime="20231113 20:02:35.471" endtime="20231113 20:02:35.677"/>
</kw>
<status status="PASS" starttime="20231113 20:02:35.471" endtime="20231113 20:02:35.677"/>
</kw>
<status status="PASS" starttime="20231113 20:02:34.644" endtime="20231113 20:02:35.677"/>
</kw>
<kw name="Validate &quot;Team&quot; Page" library="FrontOfficeApp">
<kw name="Validate Page Contains" library="Team">
<kw name="Get Text" library="SeleniumLibrary">
<var>${TEXT_ELEMENT}</var>
<arg>${TEAM_HEADER_LABEL}</arg>
<doc>Returns the text value of the element identified by ``locator``.</doc>
<msg timestamp="20231113 20:02:36.087" level="INFO">${TEXT_ELEMENT} = OUR AMAZING TEAM</msg>
<status status="PASS" starttime="20231113 20:02:35.677" endtime="20231113 20:02:36.087"/>
</kw>
<kw name="Should Be Equal As Strings" library="BuiltIn">
<arg>${TEXT_ELEMENT}</arg>
<arg>Our Amazing Team</arg>
<arg>ignore_case=true</arg>
<doc>Fails if objects are unequal after converting them to strings.</doc>
<status status="PASS" starttime="20231113 20:02:36.087" endtime="20231113 20:02:36.087"/>
</kw>
<status status="PASS" starttime="20231113 20:02:35.677" endtime="20231113 20:02:36.087"/>
</kw>
<status status="PASS" starttime="20231113 20:02:35.677" endtime="20231113 20:02:36.087"/>
</kw>
<kw name="End Web Test" library="CommonWeb" type="TEARDOWN">
<kw name="Close All Browsers" library="SeleniumLibrary">
<doc>Closes all open browsers and resets the browser cache.</doc>
<status status="PASS" starttime="20231113 20:02:36.087" endtime="20231113 20:02:37.824"/>
</kw>
<status status="PASS" starttime="20231113 20:02:36.087" endtime="20231113 20:02:37.824"/>
</kw>
<doc>This is test 2</doc>
<tag>test2</tag>
<status status="PASS" starttime="20231113 20:02:23.448" endtime="20231113 20:02:37.824"/>
</test>
<doc>Talk about what this test suite of tests does</doc>
<status status="PASS" starttime="20231113 20:02:09.882" endtime="20231113 20:02:37.832"/>
</suite>
<statistics>
<total>
<stat pass="2" fail="0" skip="0">All Tests</stat>
</total>
<tag>
<stat pass="1" fail="0" skip="0">test1</stat>
<stat pass="1" fail="0" skip="0">test2</stat>
</tag>
<suite>
<stat pass="2" fail="0" skip="0" id="s1" name="Front Office">Front Office</stat>
</suite>
</statistics>
<errors>
</errors>
</robot>
