<?xml version="1.0" encoding="UTF-8"?>
<robot generator="Robot 6.1.1 (Python 3.11.5 on win32)" generated="20231113 19:20:59.733" rpa="false" schemaversion="4">
<suite id="s1" name="Front Office" source="D:\development\robot-scripts\frontoffice\tests\Front_Office.robot">
<test id="s1-t1" name="Should be able to access &quot;Team&quot; page" line="13">
<kw name="Begin Web Test" library="CommonWeb" type="SETUP">
<kw name="Open Browser" library="SeleniumLibrary">
<arg>https://www.browserstack.com/</arg>
<arg>browser=chrome</arg>
<arg>version=latest</arg>
<arg>os=Windows</arg>
<arg>os_version=10</arg>
<doc>Opens a new browser instance to the optional ``url``.</doc>
<msg timestamp="20231113 19:21:00.088" level="FAIL">Keyword 'SeleniumLibrary.Open Browser' got unexpected named arguments 'os', 'os_version' and 'version'.</msg>
<status status="FAIL" starttime="20231113 19:21:00.088" endtime="20231113 19:21:00.088"/>
</kw>
<status status="FAIL" starttime="20231113 19:21:00.088" endtime="20231113 19:21:00.088"/>
</kw>
<kw name="End Web Test" library="CommonWeb" type="TEARDOWN">
<kw name="Close All Browsers" library="SeleniumLibrary">
<doc>Closes all open browsers and resets the browser cache.</doc>
<status status="PASS" starttime="20231113 19:21:00.088" endtime="20231113 19:21:00.088"/>
</kw>
<status status="PASS" starttime="20231113 19:21:00.088" endtime="20231113 19:21:00.088"/>
</kw>
<doc>This is test 1</doc>
<tag>test1</tag>
<status status="FAIL" starttime="20231113 19:21:00.080" endtime="20231113 19:21:00.088">Setup failed:
Keyword 'SeleniumLibrary.Open Browser' got unexpected named arguments 'os', 'os_version' and 'version'.</status>
</test>
<test id="s1-t2" name="&quot;Team&quot; page should match requirements" line="19">
<kw name="Begin Web Test" library="CommonWeb" type="SETUP">
<kw name="Open Browser" library="SeleniumLibrary">
<arg>https://www.browserstack.com/</arg>
<arg>browser=chrome</arg>
<arg>version=latest</arg>
<arg>os=Windows</arg>
<arg>os_version=10</arg>
<doc>Opens a new browser instance to the optional ``url``.</doc>
<msg timestamp="20231113 19:21:00.088" level="FAIL">Keyword 'SeleniumLibrary.Open Browser' got unexpected named arguments 'os', 'os_version' and 'version'.</msg>
<status status="FAIL" starttime="20231113 19:21:00.088" endtime="20231113 19:21:00.088"/>
</kw>
<status status="FAIL" starttime="20231113 19:21:00.088" endtime="20231113 19:21:00.088"/>
</kw>
<kw name="End Web Test" library="CommonWeb" type="TEARDOWN">
<kw name="Close All Browsers" library="SeleniumLibrary">
<doc>Closes all open browsers and resets the browser cache.</doc>
<status status="PASS" starttime="20231113 19:21:00.088" endtime="20231113 19:21:00.088"/>
</kw>
<status status="PASS" starttime="20231113 19:21:00.088" endtime="20231113 19:21:00.088"/>
</kw>
<doc>This is test 2</doc>
<tag>test2</tag>
<status status="FAIL" starttime="20231113 19:21:00.088" endtime="20231113 19:21:00.088">Setup failed:
Keyword 'SeleniumLibrary.Open Browser' got unexpected named arguments 'os', 'os_version' and 'version'.</status>
</test>
<doc>Talk about what this test suite of tests does</doc>
<status status="FAIL" starttime="20231113 19:20:59.740" endtime="20231113 19:21:00.096"/>
</suite>
<statistics>
<total>
<stat pass="0" fail="2" skip="0">All Tests</stat>
</total>
<tag>
<stat pass="0" fail="1" skip="0">test1</stat>
<stat pass="0" fail="1" skip="0">test2</stat>
</tag>
<suite>
<stat pass="0" fail="2" skip="0" id="s1" name="Front Office">Front Office</stat>
</suite>
</statistics>
<errors>
</errors>
</robot>
